# JRE version: OpenJDK Runtime Environment (8.0_112-b06) (build 1.8.0_112-release-b06)
# Java VM: OpenJDK 64-Bit Server VM (25.112-b06 mixed mode windows-amd64 compressed oops)
Heap:
 PSYoungGen      total 205312K, used 167814K [0x00000000e0000000, 0x00000000edc80000, 0x0000000100000000)
  eden space 184832K, 90% used [0x00000000e0000000,0x00000000ea3e18b8,0x00000000eb480000)
  from space 20480K, 0% used [0x00000000eb480000,0x00000000eb480000,0x00000000ec880000)
  to   space 17408K, 0% used [0x00000000ec980000,0x00000000ec980000,0x00000000eda80000)
 ParOldGen       total 100864K, used 49612K [0x00000000a0000000, 0x00000000a6280000, 0x00000000e0000000)
  object space 100864K, 49% used [0x00000000a0000000,0x00000000a3073348,0x00000000a6280000)
 Metaspace       used 61996K, capacity 63662K, committed 64000K, reserved 1105920K
  class space    used 7932K, capacity 8352K, committed 8448K, reserved 1048576K
GC Heap History (10 events):
Event: 9.852 GC heap before
{Heap before GC invocations=12 (full 2):
 PSYoungGen      total 143872K, used 142705K [0x00000000e0000000, 0x00000000eaf00000, 0x0000000100000000)
  eden space 131072K, 100% used [0x00000000e0000000,0x00000000e8000000,0x00000000e8000000)
  from space 12800K, 90% used [0x00000000e8000000,0x00000000e8b5c6c0,0x00000000e8c80000)
  to   space 13824K, 0% used [0x00000000ea180000,0x00000000ea180000,0x00000000eaf00000)
 ParOldGen       total 100864K, used 18018K [0x00000000a0000000, 0x00000000a6280000, 0x00000000e0000000)
  object space 100864K, 17% used [0x00000000a0000000,0x00000000a1198940,0x00000000a6280000)
 Metaspace       used 42813K, capacity 43696K, committed 43904K, reserved 1087488K
  class space    used 5658K, capacity 5901K, committed 6016K, reserved 1048576K
Event: 9.865 GC heap after
Heap after GC invocations=12 (full 2):
 PSYoungGen      total 164352K, used 12199K [0x00000000e0000000, 0x00000000ebb80000, 0x0000000100000000)
  eden space 150528K, 0% used [0x00000000e0000000,0x00000000e0000000,0x00000000e9300000)
  from space 13824K, 88% used [0x00000000ea180000,0x00000000ead69cb0,0x00000000eaf00000)
  to   space 14848K, 0% used [0x00000000e9300000,0x00000000e9300000,0x00000000ea180000)
 ParOldGen       total 100864K, used 18026K [0x00000000a0000000, 0x00000000a6280000, 0x00000000e0000000)
  object space 100864K, 17% used [0x00000000a0000000,0x00000000a119a940,0x00000000a6280000)
 Metaspace       used 42813K, capacity 43696K, committed 43904K, reserved 1087488K
  class space    used 5658K, capacity 5901K, committed 6016K, reserved 1048576K
}
Event: 11.227 GC heap before
{Heap before GC invocations=13 (full 2):
 PSYoungGen      total 164352K, used 162727K [0x00000000e0000000, 0x00000000ebb80000, 0x0000000100000000)
  eden space 150528K, 100% used [0x00000000e0000000,0x00000000e9300000,0x00000000e9300000)
  from space 13824K, 88% used [0x00000000ea180000,0x00000000ead69cb0,0x00000000eaf00000)
  to   space 14848K, 0% used [0x00000000e9300000,0x00000000e9300000,0x00000000ea180000)
 ParOldGen       total 100864K, used 18026K [0x00000000a0000000, 0x00000000a6280000, 0x00000000e0000000)
  object space 100864K, 17% used [0x00000000a0000000,0x00000000a119a940,0x00000000a6280000)
 Metaspace       used 46299K, capacity 47488K, committed 47744K, reserved 1091584K
  class space    used 6165K, capacity 6413K, committed 6528K, reserved 1048576K
Event: 11.262 GC heap after
Heap after GC invocations=13 (full 2):
 PSYoungGen      total 165376K, used 14834K [0x00000000e0000000, 0x00000000eda80000, 0x0000000100000000)
  eden space 150528K, 0% used [0x00000000e0000000,0x00000000e0000000,0x00000000e9300000)
  from space 14848K, 99% used [0x00000000e9300000,0x00000000ea17cb10,0x00000000ea180000)
  to   space 17408K, 0% used [0x00000000ec980000,0x00000000ec980000,0x00000000eda80000)
 ParOldGen       total 100864K, used 19983K [0x00000000a0000000, 0x00000000a6280000, 0x00000000e0000000)
  object space 100864K, 19% used [0x00000000a0000000,0x00000000a1383ee8,0x00000000a6280000)
 Metaspace       used 46299K, capacity 47488K, committed 47744K, reserved 1091584K
  class space    used 6165K, capacity 6413K, committed 6528K, reserved 1048576K
}
Event: 14.956 GC heap before
{Heap before GC invocations=14 (full 2):
 PSYoungGen      total 165376K, used 165362K [0x00000000e0000000, 0x00000000eda80000, 0x0000000100000000)
  eden space 150528K, 100% used [0x00000000e0000000,0x00000000e9300000,0x00000000e9300000)
  from space 14848K, 99% used [0x00000000e9300000,0x00000000ea17cb10,0x00000000ea180000)
  to   space 17408K, 0% used [0x00000000ec980000,0x00000000ec980000,0x00000000eda80000)
 ParOldGen       total 100864K, used 19983K [0x00000000a0000000, 0x00000000a6280000, 0x00000000e0000000)
  object space 100864K, 19% used [0x00000000a0000000,0x00000000a1383ee8,0x00000000a6280000)
 Metaspace       used 52078K, capacity 53672K, committed 54016K, reserved 1095680K
  class space    used 6948K, capacity 7309K, committed 7424K, reserved 1048576K
Event: 14.976 GC heap after
Heap after GC invocations=14 (full 2):
 PSYoungGen      total 202240K, used 17377K [0x00000000e0000000, 0x00000000edc80000, 0x0000000100000000)
  eden space 184832K, 0% used [0x00000000e0000000,0x00000000e0000000,0x00000000eb480000)
  from space 17408K, 99% used [0x00000000ec980000,0x00000000eda786c0,0x00000000eda80000)
  to   space 20480K, 0% used [0x00000000eb480000,0x00000000eb480000,0x00000000ec880000)
 ParOldGen       total 100864K, used 22957K [0x00000000a0000000, 0x00000000a6280000, 0x00000000e0000000)
  object space 100864K, 22% used [0x00000000a0000000,0x00000000a166b788,0x00000000a6280000)
 Metaspace       used 52078K, capacity 53672K, committed 54016K, reserved 1095680K
  class space    used 6948K, capacity 7309K, committed 7424K, reserved 1048576K
}
Event: 17.332 GC heap before
{Heap before GC invocations=15 (full 2):
 PSYoungGen      total 202240K, used 96146K [0x00000000e0000000, 0x00000000edc80000, 0x0000000100000000)
  eden space 184832K, 42% used [0x00000000e0000000,0x00000000e4cec530,0x00000000eb480000)
  from space 17408K, 99% used [0x00000000ec980000,0x00000000eda786c0,0x00000000eda80000)
  to   space 20480K, 0% used [0x00000000eb480000,0x00000000eb480000,0x00000000ec880000)
 ParOldGen       total 100864K, used 22957K [0x00000000a0000000, 0x00000000a6280000, 0x00000000e0000000)
  object space 100864K, 22% used [0x00000000a0000000,0x00000000a166b788,0x00000000a6280000)
 Metaspace       used 57551K, capacity 59100K, committed 59136K, reserved 1099776K
  class space    used 7572K, capacity 7925K, committed 7936K, reserved 1048576K
Event: 17.404 GC heap after
Heap after GC invocations=15 (full 2):
 PSYoungGen      total 205312K, used 20461K [0x00000000e0000000, 0x00000000edc80000, 0x0000000100000000)
  eden space 184832K, 0% used [0x00000000e0000000,0x00000000e0000000,0x00000000eb480000)
  from space 20480K, 99% used [0x00000000eb480000,0x00000000ec87b7a0,0x00000000ec880000)
  to   space 17408K, 0% used [0x00000000ec980000,0x00000000ec980000,0x00000000eda80000)
 ParOldGen       total 100864K, used 38667K [0x00000000a0000000, 0x00000000a6280000, 0x00000000e0000000)
  object space 100864K, 38% used [0x00000000a0000000,0x00000000a25c2cf8,0x00000000a6280000)
 Metaspace       used 57551K, capacity 59100K, committed 59136K, reserved 1099776K
  class space    used 7572K, capacity 7925K, committed 7936K, reserved 1048576K
}
Event: 17.404 GC heap before
{Heap before GC invocations=16 (full 3):
 PSYoungGen      total 205312K, used 20461K [0x00000000e0000000, 0x00000000edc80000, 0x0000000100000000)
  eden space 184832K, 0% used [0x00000000e0000000,0x00000000e0000000,0x00000000eb480000)
  from space 20480K, 99% used [0x00000000eb480000,0x00000000ec87b7a0,0x00000000ec880000)
  to   space 17408K, 0% used [0x00000000ec980000,0x00000000ec980000,0x00000000eda80000)
 ParOldGen       total 100864K, used 38667K [0x00000000a0000000, 0x00000000a6280000, 0x00000000e0000000)
  object space 100864K, 38% used [0x00000000a0000000,0x00000000a25c2cf8,0x00000000a6280000)
 Metaspace       used 57551K, capacity 59100K, committed 59136K, reserved 1099776K
  class space    used 7572K, capacity 7925K, committed 7936K, reserved 1048576K
Event: 17.803 GC heap after
Heap after GC invocations=16 (full 3):
 PSYoungGen      total 205312K, used 0K [0x00000000e0000000, 0x00000000edc80000, 0x0000000100000000)
  eden space 184832K, 0% used [0x00000000e0000000,0x00000000e0000000,0x00000000eb480000)
  from space 20480K, 0% used [0x00000000eb480000,0x00000000eb480000,0x00000000ec880000)
  to   space 17408K, 0% used [0x00000000ec980000,0x00000000ec980000,0x00000000eda80000)
 ParOldGen       total 100864K, used 49612K [0x00000000a0000000, 0x00000000a6280000, 0x00000000e0000000)
  object space 100864K, 49% used [0x00000000a0000000,0x00000000a3073348,0x00000000a6280000)
 Metaspace       used 57549K, capacity 59094K, committed 59136K, reserved 1099776K
  class space    used 7572K, capacity 7924K, committed 7936K, reserved 1048576K
}

